{"C:\\usil\\knex\\src\\config\\config.dto.ts": {"path":"C:\\usil\\knex\\src\\config\\config.dto.ts","statementMap":{"0":{"start":{"line":6,"column":0},"end":{"line":6,"column":13}},"1":{"start":{"line":17,"column":0},"end":{"line":17,"column":37}}},"fnMap":{},"branchMap":{},"s":{"0":5,"1":5},"f":{},"b":{}}
,"C:\\usil\\knex\\src\\config\\main.config.ts": {"path":"C:\\usil\\knex\\src\\config\\main.config.ts","statementMap":{"0":{"start":{"line":2,"column":0},"end":{"line":2,"column":27}},"1":{"start":{"line":4,"column":0},"end":{"line":4,"column":28}},"2":{"start":{"line":5,"column":0},"end":{"line":5,"column":37}},"3":{"start":{"line":6,"column":0},"end":{"line":6,"column":43}},"4":{"start":{"line":9,"column":20},"end":{"line":9,"column":23}},"5":{"start":{"line":12,"column":18},"end":{"line":13,"column":67}},"6":{"start":{"line":13,"column":2},"end":{"line":13,"column":67}},"7":{"start":{"line":18,"column":18},"end":{"line":39,"column":1}},"8":{"start":{"line":19,"column":17},"end":{"line":19,"column":32}},"9":{"start":{"line":21,"column":2},"end":{"line":22,"column":59}},"10":{"start":{"line":22,"column":4},"end":{"line":22,"column":58}},"11":{"start":{"line":24,"column":2},"end":{"line":24,"column":51}},"12":{"start":{"line":26,"column":2},"end":{"line":26,"column":38}},"13":{"start":{"line":28,"column":2},"end":{"line":28,"column":51}},"14":{"start":{"line":30,"column":2},"end":{"line":30,"column":51}},"15":{"start":{"line":32,"column":2},"end":{"line":32,"column":59}},"16":{"start":{"line":34,"column":2},"end":{"line":34,"column":51}},"17":{"start":{"line":36,"column":2},"end":{"line":36,"column":61}},"18":{"start":{"line":38,"column":2},"end":{"line":38,"column":16}},"19":{"start":{"line":41,"column":0},"end":{"line":41,"column":25}}},"fnMap":{"0":{"name":"(anonymous_0)","decl":{"start":{"line":12,"column":18},"end":{"line":12,"column":19}},"loc":{"start":{"line":13,"column":2},"end":{"line":13,"column":67}}},"1":{"name":"(anonymous_1)","decl":{"start":{"line":18,"column":18},"end":{"line":18,"column":21}},"loc":{"start":{"line":18,"column":23},"end":{"line":39,"column":1}}},"2":{"name":"(anonymous_2)","decl":{"start":{"line":21,"column":15},"end":{"line":21,"column":26}},"loc":{"start":{"line":22,"column":4},"end":{"line":22,"column":58}}}},"branchMap":{"0":{"loc":{"start":{"line":24,"column":16},"end":{"line":24,"column":50}},"type":"binary-expr","locations":[{"start":{"line":24,"column":16},"end":{"line":24,"column":42}},{"start":{"line":24,"column":46},"end":{"line":24,"column":50}}]}},"s":{"0":5,"1":5,"2":5,"3":5,"4":5,"5":5,"6":1,"7":5,"8":5,"9":5,"10":1,"11":5,"12":5,"13":5,"14":5,"15":5,"16":5,"17":5,"18":5,"19":5},"f":{"0":1,"1":5,"2":1},"b":{"0":[5,5]}}
,"C:\\usil\\knex\\src\\server\\ServerInitialization.ts": {"path":"C:\\usil\\knex\\src\\server\\ServerInitialization.ts","statementMap":{"0":{"start":{"line":1,"column":0},"end":{"line":1,"column":38}},"1":{"start":{"line":2,"column":0},"end":{"line":2,"column":30}},"2":{"start":{"line":3,"column":0},"end":{"line":3,"column":28}},"3":{"start":{"line":4,"column":0},"end":{"line":4,"column":28}},"4":{"start":{"line":5,"column":0},"end":{"line":5,"column":24}},"5":{"start":{"line":6,"column":0},"end":{"line":6,"column":24}},"6":{"start":{"line":12,"column":0},"end":{"line":12,"column":34}},"7":{"start":{"line":13,"column":0},"end":{"line":13,"column":46}},"8":{"start":{"line":25,"column":2},"end":{"line":25,"column":24}},"9":{"start":{"line":28,"column":2},"end":{"line":28,"column":30}},"10":{"start":{"line":35,"column":4},"end":{"line":35,"column":27}},"11":{"start":{"line":36,"column":4},"end":{"line":36,"column":25}},"12":{"start":{"line":37,"column":4},"end":{"line":37,"column":21}},"13":{"start":{"line":38,"column":4},"end":{"line":38,"column":33}},"14":{"start":{"line":45,"column":4},"end":{"line":56,"column":7}},"15":{"start":{"line":63,"column":4},"end":{"line":63,"column":27}},"16":{"start":{"line":64,"column":4},"end":{"line":64,"column":32}},"17":{"start":{"line":65,"column":4},"end":{"line":65,"column":25}},"18":{"start":{"line":66,"column":4},"end":{"line":66,"column":41}},"19":{"start":{"line":67,"column":4},"end":{"line":67,"column":33}},"20":{"start":{"line":68,"column":4},"end":{"line":68,"column":57}},"21":{"start":{"line":76,"column":4},"end":{"line":76,"column":38}},"22":{"start":{"line":77,"column":4},"end":{"line":77,"column":52}},"23":{"start":{"line":84,"column":4},"end":{"line":84,"column":46}},"24":{"start":{"line":85,"column":4},"end":{"line":85,"column":34}},"25":{"start":{"line":86,"column":4},"end":{"line":86,"column":23}},"26":{"start":{"line":90,"column":0},"end":{"line":90,"column":36}}},"fnMap":{"0":{"name":"(anonymous_0)","decl":{"start":{"line":34,"column":2},"end":{"line":34,"column":14}},"loc":{"start":{"line":34,"column":26},"end":{"line":39,"column":3}}},"1":{"name":"(anonymous_1)","decl":{"start":{"line":44,"column":2},"end":{"line":44,"column":17}},"loc":{"start":{"line":44,"column":17},"end":{"line":57,"column":3}}},"2":{"name":"(anonymous_2)","decl":{"start":{"line":62,"column":2},"end":{"line":62,"column":23}},"loc":{"start":{"line":62,"column":23},"end":{"line":69,"column":3}}},"3":{"name":"(anonymous_3)","decl":{"start":{"line":75,"column":2},"end":{"line":75,"column":11}},"loc":{"start":{"line":75,"column":28},"end":{"line":78,"column":3}}},"4":{"name":"(anonymous_4)","decl":{"start":{"line":83,"column":2},"end":{"line":83,"column":14}},"loc":{"start":{"line":83,"column":14},"end":{"line":87,"column":3}}}},"branchMap":{},"s":{"0":4,"1":4,"2":4,"3":4,"4":4,"5":4,"6":4,"7":4,"8":4,"9":4,"10":4,"11":4,"12":4,"13":4,"14":4,"15":4,"16":4,"17":4,"18":4,"19":4,"20":4,"21":2,"22":2,"23":4,"24":4,"25":4,"26":4},"f":{"0":4,"1":4,"2":4,"3":2,"4":4},"b":{}}
,"C:\\usil\\knex\\src\\server\\createServer.ts": {"path":"C:\\usil\\knex\\src\\server\\createServer.ts","statementMap":{"0":{"start":{"line":1,"column":0},"end":{"line":1,"column":58}},"1":{"start":{"line":2,"column":0},"end":{"line":2,"column":59}},"2":{"start":{"line":7,"column":25},"end":{"line":20,"column":1}},"3":{"start":{"line":8,"column":21},"end":{"line":8,"column":51}},"4":{"start":{"line":14,"column":24},"end":{"line":14,"column":44}},"5":{"start":{"line":15,"column":2},"end":{"line":15,"column":38}},"6":{"start":{"line":17,"column":17},"end":{"line":17,"column":42}},"7":{"start":{"line":19,"column":2},"end":{"line":19,"column":41}},"8":{"start":{"line":7,"column":13},"end":{"line":7,"column":25}}},"fnMap":{"0":{"name":"(anonymous_0)","decl":{"start":{"line":7,"column":25},"end":{"line":7,"column":26}},"loc":{"start":{"line":7,"column":42},"end":{"line":20,"column":1}}}},"branchMap":{},"s":{"0":1,"1":1,"2":1,"3":1,"4":1,"5":1,"6":1,"7":1,"8":1},"f":{"0":1},"b":{}}
,"C:\\usil\\knex\\src\\server\\controllers\\example.controller.ts": {"path":"C:\\usil\\knex\\src\\server\\controllers\\example.controller.ts","statementMap":{"0":{"start":{"line":3,"column":27},"end":{"line":8,"column":1}},"1":{"start":{"line":4,"column":26},"end":{"line":6,"column":3}},"2":{"start":{"line":5,"column":4},"end":{"line":5,"column":61}},"3":{"start":{"line":7,"column":2},"end":{"line":7,"column":29}},"4":{"start":{"line":10,"column":0},"end":{"line":10,"column":34}}},"fnMap":{"0":{"name":"(anonymous_0)","decl":{"start":{"line":3,"column":27},"end":{"line":3,"column":28}},"loc":{"start":{"line":3,"column":49},"end":{"line":8,"column":1}}},"1":{"name":"(anonymous_1)","decl":{"start":{"line":4,"column":26},"end":{"line":4,"column":27}},"loc":{"start":{"line":4,"column":58},"end":{"line":6,"column":3}}}},"branchMap":{},"s":{"0":2,"1":2,"2":1,"3":2,"4":2},"f":{"0":2,"1":1},"b":{}}
,"C:\\usil\\knex\\src\\server\\routes\\exampleRoute.ts": {"path":"C:\\usil\\knex\\src\\server\\routes\\exampleRoute.ts","statementMap":{"0":{"start":{"line":1,"column":0},"end":{"line":1,"column":67}},"1":{"start":{"line":2,"column":0},"end":{"line":2,"column":34}},"2":{"start":{"line":7,"column":34},"end":{"line":19,"column":1}},"3":{"start":{"line":8,"column":20},"end":{"line":8,"column":30}},"4":{"start":{"line":10,"column":23},"end":{"line":10,"column":43}},"5":{"start":{"line":12,"column":22},"end":{"line":12,"column":51}},"6":{"start":{"line":16,"column":2},"end":{"line":16,"column":60}},"7":{"start":{"line":18,"column":2},"end":{"line":18,"column":22}},"8":{"start":{"line":7,"column":13},"end":{"line":7,"column":34}}},"fnMap":{"0":{"name":"(anonymous_0)","decl":{"start":{"line":7,"column":34},"end":{"line":7,"column":44}},"loc":{"start":{"line":7,"column":46},"end":{"line":19,"column":1}}}},"branchMap":{},"s":{"0":2,"1":2,"2":2,"3":2,"4":2,"5":2,"6":2,"7":2,"8":2},"f":{"0":2},"b":{}}
,"C:\\usil\\knex\\src\\server\\util\\Route.ts": {"path":"C:\\usil\\knex\\src\\server\\util\\Route.ts","statementMap":{"0":{"start":{"line":2,"column":0},"end":{"line":2,"column":33}},"1":{"start":{"line":3,"column":0},"end":{"line":3,"column":46}},"2":{"start":{"line":13,"column":4},"end":{"line":13,"column":12}},"3":{"start":{"line":14,"column":4},"end":{"line":14,"column":28}},"4":{"start":{"line":15,"column":4},"end":{"line":15,"column":57}},"5":{"start":{"line":23,"column":4},"end":{"line":23,"column":23}},"6":{"start":{"line":30,"column":4},"end":{"line":30,"column":24}},"7":{"start":{"line":34,"column":0},"end":{"line":34,"column":21}}},"fnMap":{"0":{"name":"(anonymous_0)","decl":{"start":{"line":12,"column":2},"end":{"line":12,"column":14}},"loc":{"start":{"line":12,"column":27},"end":{"line":16,"column":3}}},"1":{"name":"(anonymous_1)","decl":{"start":{"line":22,"column":2},"end":{"line":22,"column":13}},"loc":{"start":{"line":22,"column":18},"end":{"line":24,"column":3}}},"2":{"name":"(anonymous_2)","decl":{"start":{"line":29,"column":2},"end":{"line":29,"column":13}},"loc":{"start":{"line":29,"column":19},"end":{"line":31,"column":3}}}},"branchMap":{"0":{"loc":{"start":{"line":15,"column":18},"end":{"line":15,"column":56}},"type":"cond-expr","locations":[{"start":{"line":15,"column":37},"end":{"line":15,"column":42}},{"start":{"line":15,"column":45},"end":{"line":15,"column":56}}]}},"s":{"0":4,"1":4,"2":6,"3":6,"4":6,"5":8,"6":8,"7":4},"f":{"0":6,"1":8,"2":8},"b":{"0":[5,1]}}
,"C:\\usil\\knex\\src\\server\\util\\RouteNecessary.ts": {"path":"C:\\usil\\knex\\src\\server\\util\\RouteNecessary.ts","statementMap":{"0":{"start":{"line":7,"column":0},"end":{"line":7,"column":30}}},"fnMap":{},"branchMap":{},"s":{"0":4},"f":{},"b":{}}
}
