TN:
SF:src\config\config.dto.ts
FNF:0
FNH:0
DA:6,5
DA:17,5
LF:2
LH:2
BRF:0
BRH:0
end_of_record
TN:
SF:src\config\main.config.ts
FN:12,(anonymous_0)
FN:18,(anonymous_1)
FN:21,(anonymous_2)
FNF:3
FNH:3
FNDA:1,(anonymous_0)
FNDA:5,(anonymous_1)
FNDA:1,(anonymous_2)
DA:2,5
DA:4,5
DA:5,5
DA:6,5
DA:9,5
DA:12,5
DA:13,1
DA:18,5
DA:19,5
DA:21,5
DA:22,1
DA:24,5
DA:26,5
DA:28,5
DA:30,5
DA:32,5
DA:34,5
DA:36,5
DA:38,5
DA:41,5
LF:20
LH:20
BRDA:24,0,0,5
BRDA:24,0,1,5
BRF:2
BRH:2
end_of_record
TN:
SF:src\server\ServerInitialization.ts
FN:34,(anonymous_0)
FN:44,(anonymous_1)
FN:62,(anonymous_2)
FN:75,(anonymous_3)
FN:83,(anonymous_4)
FNF:5
FNH:5
FNDA:4,(anonymous_0)
FNDA:4,(anonymous_1)
FNDA:4,(anonymous_2)
FNDA:2,(anonymous_3)
FNDA:4,(anonymous_4)
DA:1,4
DA:2,4
DA:3,4
DA:4,4
DA:5,4
DA:6,4
DA:12,4
DA:13,4
DA:25,4
DA:28,4
DA:35,4
DA:36,4
DA:37,4
DA:38,4
DA:45,4
DA:63,4
DA:64,4
DA:65,4
DA:66,4
DA:67,4
DA:68,4
DA:76,2
DA:77,2
DA:84,4
DA:85,4
DA:86,4
DA:90,4
LF:27
LH:27
BRF:0
BRH:0
end_of_record
TN:
SF:src\server\createServer.ts
FN:7,(anonymous_0)
FNF:1
FNH:1
FNDA:1,(anonymous_0)
DA:1,1
DA:2,1
DA:7,1
DA:8,1
DA:14,1
DA:15,1
DA:17,1
DA:19,1
LF:8
LH:8
BRF:0
BRH:0
end_of_record
TN:
SF:src\server\controllers\example.controller.ts
FN:3,(anonymous_0)
FN:4,(anonymous_1)
FNF:2
FNH:2
FNDA:2,(anonymous_0)
FNDA:1,(anonymous_1)
DA:3,2
DA:4,2
DA:5,1
DA:7,2
DA:10,2
LF:5
LH:5
BRF:0
BRH:0
end_of_record
TN:
SF:src\server\routes\exampleRoute.ts
FN:7,(anonymous_0)
FNF:1
FNH:1
FNDA:2,(anonymous_0)
DA:1,2
DA:2,2
DA:7,2
DA:8,2
DA:10,2
DA:12,2
DA:16,2
DA:18,2
LF:8
LH:8
BRF:0
BRH:0
end_of_record
TN:
SF:src\server\util\Route.ts
FN:12,(anonymous_0)
FN:22,(anonymous_1)
FN:29,(anonymous_2)
FNF:3
FNH:3
FNDA:6,(anonymous_0)
FNDA:8,(anonymous_1)
FNDA:8,(anonymous_2)
DA:2,4
DA:3,4
DA:13,6
DA:14,6
DA:15,6
DA:23,8
DA:30,8
DA:34,4
LF:8
LH:8
BRDA:15,0,0,5
BRDA:15,0,1,1
BRF:2
BRH:2
end_of_record
TN:
SF:src\server\util\RouteNecessary.ts
FNF:0
FNH:0
DA:7,4
LF:1
LH:1
BRF:0
BRH:0
end_of_record
